[2020-07-25T21:37:04.281] [INFO] Log - Codivate running on port 3000
[2020-07-25T21:43:04.757] [INFO] Log - Codivate running on port 3000
[2020-07-26T13:08:17.065] [INFO] Log - Codivate running on port 3000
[2020-07-26T13:08:36.274] [INFO] Log - Codivate running on port 3000
[2020-07-26T13:08:48.156] [INFO] Log - Codivate running on port 3000
[2020-08-02T10:00:50.323] [INFO] Log - Codivate running on port 3000
[2020-08-02T11:11:57.423] [INFO] Log - Codivate running on port 3000
[2020-08-02T13:01:15.148] [INFO] Log - Codivate running on port 3000
[2020-08-02T13:03:59.914] [INFO] Log - Codivate running on port 3000
[2020-08-02T13:04:25.461] [INFO] Log - Codivate running on port 3000
[2020-08-02T13:05:00.002] [INFO] Log - Codivate running on port 3000
[2020-08-02T13:05:27.979] [INFO] Log - Codivate running on port 3000
[2020-08-02T13:05:51.097] [INFO] Log - Codivate running on port 3000
[2020-08-02T13:06:25.776] [INFO] Log - Codivate running on port 3000
[2020-08-02T13:07:40.900] [INFO] Log - Codivate running on port 3000
[2020-08-02T13:09:19.475] [INFO] Log - Codivate running on port 3000
[2020-08-02T13:11:05.592] [INFO] Log - Codivate running on port 3000
[2020-08-02T13:11:30.593] [INFO] Log - Codivate running on port 3000
[2020-08-02T13:11:56.801] [INFO] Log - Codivate running on port 3000
[2020-08-02T13:12:29.686] [INFO] Log - Codivate running on port 3000
[2020-08-02T13:16:04.388] [INFO] Log - Codivate running on port 3000
[2020-08-02T13:32:52.249] [INFO] Log - Codivate running on port 3000
[2020-08-02T13:34:07.152] [INFO] Log - Codivate running on port 3000
[2020-08-02T13:34:30.315] [INFO] Log - Codivate running on port 3000
[2020-08-02T13:34:52.033] [INFO] Log - Codivate running on port 3000
[2020-08-02T13:36:57.934] [INFO] Log - Codivate running on port 3000
[2020-08-02T13:37:13.996] [INFO] Log - Codivate running on port 3000
[2020-08-02T14:21:06.648] [INFO] Log - Codivate running on port 3000
[2020-08-02T14:24:19.620] [INFO] Log - Codivate running on port 3000
[2020-08-02T14:25:17.877] [INFO] Log - Codivate running on port 3000
[2020-08-02T14:26:08.094] [INFO] Log - Received a submit request
[2020-08-02T14:48:56.134] [INFO] Log - Codivate running on port 3000
[2020-08-02T15:01:27.412] [INFO] Log - Codivate running on port 3000
[2020-08-02T15:01:39.698] [INFO] Log - Codivate running on port 3000
[2020-08-02T15:03:20.651] [INFO] Log - Codivate running on port 3000
[2020-08-02T15:27:17.465] [INFO] Log - Codivate running on port 3000
[2020-08-02T15:27:57.332] [INFO] Log - Codivate running on port 3000
[2020-08-02T15:28:11.121] [INFO] Log - Codivate running on port 3000
[2020-08-02T15:28:38.048] [INFO] Log - Codivate running on port 3000
[2020-08-02T15:32:06.492] [INFO] Log - Codivate running on port 3000
[2020-08-02T22:54:06.338] [INFO] Log - Codivate running on port 3000
[2020-08-02T23:45:08.816] [INFO] Log - Codivate running on port 3000
[2020-08-03T00:56:31.022] [INFO] Log - Codivate running on port 3000
[2020-08-03T19:06:04.304] [INFO] Log - Codivate running on port 3000
[2020-08-03T19:09:51.145] [INFO] Log - Codivate running on port 3000
[2020-08-03T23:08:09.776] [INFO] Log - Codivate running on port 3000
[2020-08-03T23:11:21.350] [INFO] Log - Codivate running on port 3000
[2020-08-06T21:17:09.838] [INFO] Log - Codivate running on port 3000
[2020-08-07T18:39:32.751] [INFO] Log - Codivate running on port 3000
[2020-08-07T18:40:37.766] [INFO] Log - Codivate running on port 3000
[2020-08-07T19:57:30.306] [INFO] Log - Codivate running on port 3000
[2020-08-07T20:20:38.062] [INFO] Log - Codivate running on port 3000
[2020-08-07T20:21:05.451] [INFO] Log - Codivate running on port 3000
[2020-08-07T20:22:26.757] [INFO] Log - Codivate running on port 3000
[2020-08-07T20:24:18.363] [INFO] Log - Codivate running on port 3000
[2020-08-07T20:24:47.987] [INFO] Log - Codivate running on port 3000
[2020-08-07T20:26:26.863] [INFO] Log - Codivate running on port 3000
[2020-08-07T20:28:20.415] [INFO] Log - Codivate running on port 3000
[2020-08-07T20:28:40.521] [INFO] Log - Codivate running on port 3000
[2020-08-07T20:31:22.841] [INFO] Log - Codivate running on port 3000
[2020-08-07T20:33:14.750] [INFO] Log - Codivate running on port 3000
[2020-08-07T20:33:46.669] [INFO] Log - Codivate running on port 3000
[2020-08-07T20:34:37.480] [INFO] Log - Codivate running on port 3000
[2020-08-07T20:37:01.478] [INFO] Log - Codivate running on port 3000
[2020-08-07T20:37:21.079] [INFO] Log - Codivate running on port 3000
[2020-08-07T20:38:50.937] [INFO] Log - Codivate running on port 3000
[2020-08-07T20:39:08.860] [INFO] Log - Codivate running on port 3000
[2020-08-07T20:39:28.458] [INFO] Log - Codivate running on port 3000
[2020-08-07T20:40:26.746] [INFO] Log - Codivate running on port 3000
[2020-08-07T20:40:48.337] [INFO] Log - Codivate running on port 3000
[2020-08-07T20:41:53.004] [INFO] Log - Codivate running on port 3000
[2020-08-07T20:42:05.550] [INFO] Log - Codivate running on port 3000
[2020-08-07T20:42:16.961] [INFO] Log - Codivate running on port 3000
[2020-08-07T20:42:46.790] [INFO] Log - Codivate running on port 3000
[2020-08-07T20:43:00.316] [INFO] Log - Codivate running on port 3000
[2020-08-07T20:44:47.375] [INFO] Log - Codivate running on port 3000
[2020-08-07T20:44:56.403] [INFO] Log - Codivate running on port 3000
[2020-08-07T20:46:24.660] [INFO] Log - Codivate running on port 3000
[2020-08-07T20:46:44.180] [INFO] Log - Codivate running on port 3000
[2020-08-07T20:48:51.215] [INFO] Log - Codivate running on port 3000
[2020-08-07T20:49:09.643] [INFO] Log - Codivate running on port 3000
[2020-08-07T20:53:15.462] [INFO] Log - Codivate running on port 3000
[2020-08-07T20:53:31.903] [INFO] Log - Codivate running on port 3000
[2020-08-07T21:49:06.828] [INFO] Log - Codivate running on port 3000
[2020-08-07T21:50:34.675] [INFO] Log - Codivate running on port 3000
[2020-08-08T11:09:54.083] [INFO] Log - Codivate running on port 3000
[2020-08-08T11:10:31.438] [INFO] Log - Received a submit request
[2020-08-08T11:12:39.137] [INFO] Log - Codivate running on port 3000
[2020-08-08T11:14:02.657] [INFO] Log - Codivate running on port 3000
[2020-08-08T11:15:33.423] [INFO] Log - Codivate running on port 3000
[2020-08-08T11:38:15.353] [INFO] Log - Codivate running on port 3000
[2020-08-08T11:40:02.372] [INFO] Log - Codivate running on port 3000
[2020-08-08T11:41:18.623] [INFO] Log - Codivate running on port 3000
[2020-08-08T11:41:34.166] [INFO] Log - Received a submit request
[2020-08-08T12:08:04.940] [INFO] Log - Codivate running on port 3000
[2020-08-08T12:08:56.291] [INFO] Log - Codivate running on port 3000
[2020-08-08T12:09:44.227] [INFO] Log - Codivate running on port 3000
[2020-08-08T12:09:55.969] [INFO] Log - Received a submit request
[2020-08-08T12:29:15.552] [INFO] Log - Codivate running on port 3000
[2020-08-08T12:29:31.814] [INFO] Log - Received a submit request
[2020-08-10T12:26:33.668] [INFO] Log - Codivate running on port 3000
[2020-08-10T12:27:41.742] [INFO] Log - Codivate running on port 3000
[2020-08-10T12:29:07.620] [INFO] Log - Codivate running on port 3000
[2020-08-10T12:30:50.344] [INFO] Log - Codivate running on port 3000
[2020-08-10T12:30:59.775] [INFO] Log - Codivate running on port 3000
[2020-08-10T12:32:31.939] [INFO] Log - Codivate running on port 3000
[2020-08-10T12:37:49.734] [INFO] Log - Codivate running on port 3000
[2020-08-10T12:39:54.159] [INFO] Log - Codivate running on port 3000
[2020-08-10T12:40:05.764] [INFO] Log - Codivate running on port 3000
[2020-08-10T12:40:35.619] [INFO] Log - Codivate running on port 3000
[2020-08-10T12:40:56.891] [INFO] Log - Codivate running on port 3000
[2020-08-10T12:41:26.502] [INFO] Log - Codivate running on port 3000
[2020-08-10T12:41:34.431] [INFO] Log - Codivate running on port 3000
[2020-08-10T12:42:31.145] [INFO] Log - Codivate running on port 3000
[2020-08-10T12:42:40.548] [INFO] Log - Codivate running on port 3000
[2020-08-10T12:43:38.977] [INFO] Log - Codivate running on port 3000
[2020-08-10T12:44:20.555] [INFO] Log - Codivate running on port 3000
[2020-08-10T12:44:31.098] [INFO] Log - Codivate running on port 3000
[2020-08-10T12:44:55.552] [INFO] Log - Codivate running on port 3000
[2020-08-10T12:45:24.861] [INFO] Log - Codivate running on port 3000
[2020-08-10T12:48:15.493] [INFO] Log - Codivate running on port 3000
[2020-08-10T12:48:31.613] [INFO] Log - Codivate running on port 3000
[2020-08-10T12:50:37.723] [INFO] Log - Codivate running on port 3000
[2020-08-10T12:50:47.965] [INFO] Log - Codivate running on port 3000
[2020-08-10T12:51:31.166] [INFO] Log - Codivate running on port 3000
[2020-08-10T12:57:19.163] [INFO] Log - Codivate running on port 3000
[2020-08-10T12:57:27.030] [INFO] Log - Codivate running on port 3000
[2020-08-10T12:57:37.598] [INFO] Log - Codivate running on port 3000
[2020-08-10T12:58:03.665] [INFO] Log - Codivate running on port 3000
[2020-08-10T12:59:46.362] [INFO] Log - Codivate running on port 3000
[2020-08-10T12:59:54.336] [INFO] Log - Codivate running on port 3000
[2020-08-10T13:00:18.341] [INFO] Log - Codivate running on port 3000
[2020-08-10T13:00:28.560] [INFO] Log - Codivate running on port 3000
[2020-08-10T13:02:20.453] [INFO] Log - Codivate running on port 3000
[2020-08-10T13:02:22.957] [ERROR] Log - +4479477759309 - Number not validated
[2020-08-10T13:11:53.283] [INFO] Log - Codivate running on port 3000
[2020-08-10T13:16:19.831] [INFO] Log - Codivate running on port 3000
[2020-08-10T13:21:50.998] [INFO] Log - Codivate running on port 3000
[2020-08-10T13:48:12.539] [INFO] Log - Codivate running on port 3000
[2020-08-10T13:48:39.393] [ERROR] Log - undefined - Number not validated
[2020-08-10T13:49:03.384] [INFO] Log - Codivate running on port 3000
[2020-08-10T13:49:21.546] [ERROR] Log - undefined - Number not validated
[2020-08-10T13:49:31.083] [ERROR] Log - undefined - Number not validated
[2020-08-10T13:50:01.313] [INFO] Log - Codivate running on port 3000
[2020-08-10T13:50:13.879] [ERROR] Log -  442423435345345345 - Number not validated
[2020-08-10T13:52:02.408] [INFO] Log - Codivate running on port 3000
[2020-08-10T13:52:16.588] [ERROR] Log -  4479477759319 - Number not validated
[2020-08-10T13:53:02.415] [INFO] Log - Codivate running on port 3000
[2020-08-10T13:53:27.806] [INFO] Log - Codivate running on port 3000
[2020-08-10T13:53:40.909] [ERROR] Log -  4479477759390 - Number not validated
[2020-08-10T13:54:55.899] [INFO] Log - Codivate running on port 3000
[2020-08-10T13:55:12.823] [ERROR] Log -  4479477759301 - Number not validated
[2020-08-10T13:57:39.136] [INFO] Log - Codivate running on port 3000
[2020-08-10T13:57:49.623] [ERROR] Log -  44794777593012 - Number not validated
[2020-08-10T13:58:59.221] [INFO] Log - Codivate running on port 3000
[2020-08-10T13:59:22.114] [ERROR] Log -  4479477759322 - Number not validated
[2020-08-10T13:59:56.358] [INFO] Log - Codivate running on port 3000
[2020-08-10T14:00:08.137] [INFO] Log - Codivate running on port 3000
[2020-08-10T14:00:19.893] [ERROR] Log -  447947775932212 - Number not validated
[2020-08-10T14:00:41.713] [ERROR] Log -  4479477759301 - Number not validated
[2020-08-10T14:01:28.066] [INFO] Log - Codivate running on port 3000
[2020-08-10T14:02:03.410] [ERROR] Log -  4479477759301 - Number not validated
[2020-08-10T14:03:01.100] [INFO] Log - Codivate running on port 3000
[2020-08-10T14:04:23.180] [INFO] Log - Codivate running on port 3000
[2020-08-10T14:04:41.311] [ERROR] Log -  4479477759399 - Number not validated
[2020-08-10T14:06:34.520] [INFO] Log - Codivate running on port 3000
[2020-08-10T14:07:32.774] [INFO] Log - Codivate running on port 3000
[2020-08-10T14:07:40.083] [ERROR] Log - 7947775939 - Number not validated
[2020-08-10T14:08:02.940] [ERROR] Log -  4479477759399 - Number not validated
[2020-08-10T14:08:22.892] [ERROR] Log -  4479477759990 - Number not validated
[2020-08-10T14:09:26.793] [ERROR] Log -  4479477759990999 - Number not validated
[2020-08-10T14:35:33.378] [INFO] Log - Codivate running on port 3000
[2020-08-10T14:35:45.453] [ERROR] Log -  44794777593033 - Number not validated
[2020-08-10T14:39:53.733] [INFO] Log - Codivate running on port 3000
[2020-08-10T14:40:09.448] [ERROR] Log -  447947775930333 - Number not validated
[2020-08-10T14:41:38.957] [INFO] Log - Codivate running on port 3000
[2020-08-10T14:41:52.991] [INFO] Log - Codivate running on port 3000
[2020-08-10T14:42:30.189] [INFO] Log - Codivate running on port 3000
[2020-08-10T14:42:38.469] [ERROR] Log -  937947775930333111 - Number not validated
[2020-08-10T14:42:53.239] [ERROR] Log - 79477759303331112 - Number not validated
[2020-08-10T14:43:11.307] [INFO] Log - Codivate running on port 3000
[2020-08-10T14:43:14.693] [ERROR] Log - 79477759303331112dd - Number not validated
[2020-08-10T14:43:21.872] [INFO] Log - Codivate running on port 3000
[2020-08-10T14:43:24.878] [ERROR] Log - 79477759303331112dd33 - Number not validated
[2020-08-10T14:43:42.801] [INFO] Log - Codivate running on port 3000
[2020-08-10T14:43:49.030] [ERROR] Log -  355794777593033311132dd33 - Number not validated
[2020-08-10T14:45:15.674] [INFO] Log - Codivate running on port 3000
[2020-08-10T14:45:40.334] [INFO] Log - Codivate running on port 3000
[2020-08-10T14:52:49.399] [INFO] Log - Codivate running on port 3000
[2020-08-10T14:53:00.863] [ERROR] Log -  443435345345346346456 - Number not validated
[2020-08-10T14:55:13.257] [INFO] Log - Codivate running on port 3000
[2020-08-10T14:55:41.909] [INFO] Log - Codivate running on port 3000
[2020-08-10T14:55:52.194] [INFO] Log - Codivate running on port 3000
[2020-08-10T14:55:59.594] [ERROR] Log -  5434353453453463434346456 - Number not validated
[2020-08-10T14:56:45.752] [INFO] Log - Codivate running on port 3000
[2020-08-10T14:56:52.506] [ERROR] Log -  1 684343534534232353463434346456 - Number not validated
[2020-08-10T14:58:22.794] [INFO] Log - Codivate running on port 3000
[2020-08-10T15:02:07.191] [ERROR] Log -  4434534534534535345 - Number not validated
[2020-08-10T15:02:56.374] [INFO] Log - Codivate running on port 3000
[2020-08-10T15:03:07.542] [ERROR] Log -  1 684794777593034345345345 - Number not validated
[2020-08-10T15:05:22.693] [INFO] Log - Codivate running on port 3000
[2020-08-10T15:05:36.271] [ERROR] Log -  447947775930342343 - Number not validated
[2020-08-10T15:06:05.825] [ERROR] Log -  44235345343453535 - Number not validated
[2020-08-10T15:06:12.895] [ERROR] Log -  44354253453535 - Number not validated
[2020-08-10T15:06:57.668] [ERROR] Log -  29779477759303435354535 - Number not validated
[2020-08-10T15:07:53.167] [ERROR] Log -  44794777593034 - Number not validated
[2020-08-10T15:09:10.508] [INFO] Log - Codivate running on port 3000
[2020-08-10T15:10:18.405] [INFO] Log - Codivate running on port 3000
